<?xml version="1.0" encoding="UTF-8"?>
<testng-results ignored="0" total="2" passed="2" failed="0" skipped="0">
  <reporter-output>
  </reporter-output>
  <suite started-at="2024-08-03T16:53:18 IST" name="Default suite" finished-at="2024-08-03T16:53:42 IST" duration-ms="23744">
    <groups>
    </groups>
    <test started-at="2024-08-03T16:53:18 IST" name="Default test" finished-at="2024-08-03T16:53:42 IST" duration-ms="23744">
      <class name="HomePage">
        <test-method is-config="true" signature="setup()[pri:0, instance:HomePage@27ce24aa]" started-at="2024-08-03T16:53:18 IST" name="setup" finished-at="2024-08-03T16:53:26 IST" duration-ms="7951" status="PASS">
          <reporter-output>
          </reporter-output>
        </test-method> <!-- setup -->
        <test-method signature="setup()[pri:0, instance:HomePage@27ce24aa]" started-at="2024-08-03T16:53:26 IST" name="setup" finished-at="2024-08-03T16:53:34 IST" duration-ms="7675" status="PASS">
          <reporter-output>
          </reporter-output>
        </test-method> <!-- setup -->
        <test-method is-config="true" signature="tearDown()[pri:0, instance:HomePage@27ce24aa]" started-at="2024-08-03T16:53:34 IST" name="tearDown" finished-at="2024-08-03T16:53:34 IST" duration-ms="439" status="PASS">
          <reporter-output>
          </reporter-output>
        </test-method> <!-- tearDown -->
        <test-method is-config="true" signature="setup()[pri:0, instance:HomePage@27ce24aa]" started-at="2024-08-03T16:53:34 IST" name="setup" finished-at="2024-08-03T16:53:42 IST" duration-ms="7350" status="PASS">
          <reporter-output>
          </reporter-output>
        </test-method> <!-- setup -->
        <test-method signature="tearDown()[pri:0, instance:HomePage@27ce24aa]" started-at="2024-08-03T16:53:42 IST" name="tearDown" finished-at="2024-08-03T16:53:42 IST" duration-ms="278" status="PASS">
          <reporter-output>
          </reporter-output>
        </test-method> <!-- tearDown -->
        <test-method is-config="true" signature="tearDown()[pri:0, instance:HomePage@27ce24aa]" started-at="2024-08-03T16:53:42 IST" name="tearDown" finished-at="2024-08-03T16:53:42 IST" duration-ms="1" status="PASS">
          <reporter-output>
          </reporter-output>
        </test-method> <!-- tearDown -->
      </class> <!-- HomePage -->
    </test> <!-- Default test -->
  </suite> <!-- Default suite -->
</testng-results>
